<?xml version="1.0" encoding="UTF-8"?>

<gmi:MI_Metadata xmlns:gco="http://www.isotc211.org/2005/gco" xmlns:gmd="http://www.isotc211.org/2005/gmd" xmlns:gmi="http://www.isotc211.org/2005/gmi" xmlns:gml="http://www.opengis.net/gml/3.2" xmlns:gmx="http://www.isotc211.org/2005/gmx" xmlns:xlink="http://www.w3.org/1999/xlink" xmlns:xsi="http://www.w3.org/2001/XMLSchema-instance" xsi:schemaLocation="http://www.isotc211.org/2005/gmi">
  <gmd:fileIdentifier>
    <gco:CharacterString>gov.super.important:FILE-ID</gco:CharacterString>
  </gmd:fileIdentifier>
  <gmd:parentIdentifier>
    <gco:CharacterString>gov.super.important:PARENT-ID</gco:CharacterString>
  </gmd:parentIdentifier>
  <gmd:characterSet>
    <gmd:MD_CharacterSetCode codeList="http://www.ngdc.noaa.gov/metadata/published/xsd/schema/resources/Codelist/gmxCodelists.xml#MD_CharacterSetCode" codeListValue="utf8">utf8</gmd:MD_CharacterSetCode>
  </gmd:characterSet>
  <gmd:hierarchyLevel>
    <gmd:MD_ScopeCode codeList="http://www.ngdc.noaa.gov/metadata/published/xsd/schema/resources/Codelist/gmxCodelists.xml#MD_ScopeCode" codeListValue="series">series</gmd:MD_ScopeCode>
  </gmd:hierarchyLevel>
  <gmd:contact>
    <gmd:CI_ResponsibleParty>
      <gmd:organisationName>
        <gco:CharacterString>Super Important Organization</gco:CharacterString>
      </gmd:organisationName>
      <gmd:positionName>
        <gco:CharacterString>Data Officer</gco:CharacterString>
      </gmd:positionName>
      <gmd:contactInfo>
        <gmd:CI_Contact>
          <gmd:phone>
            <gmd:CI_Telephone>
              <gmd:voice>
                <gco:CharacterString>301-713-3277</gco:CharacterString>
              </gmd:voice>
              <gmd:facsimile>
                <gco:CharacterString>301-713-3300</gco:CharacterString>
              </gmd:facsimile>
            </gmd:CI_Telephone>
          </gmd:phone>
          <gmd:address>
            <gmd:CI_Address>
              <gmd:deliveryPoint>
                <gco:CharacterString>Federal Building 151 Patton Avenue</gco:CharacterString>
              </gmd:deliveryPoint>
              <gmd:city>
                <gco:CharacterString>Asheville</gco:CharacterString>
              </gmd:city>
              <gmd:administrativeArea>
                <gco:CharacterString>NC</gco:CharacterString>
              </gmd:administrativeArea>
              <gmd:postalCode>
                <gco:CharacterString>28801-5001</gco:CharacterString>
              </gmd:postalCode>
              <gmd:country>
                <gco:CharacterString>USA</gco:CharacterString>
              </gmd:country>
              <gmd:electronicMailAddress>
                <gco:CharacterString>NODC.DataOfficer@noaa.gov</gco:CharacterString>
              </gmd:electronicMailAddress>
            </gmd:CI_Address>
          </gmd:address>
          <gmd:onlineResource>
            <gmd:CI_OnlineResource>
              <gmd:linkage>
                <gmd:URL>https://www.ncei.noaa.gov/</gmd:URL>
              </gmd:linkage>
              <gmd:protocol>
                <gco:CharacterString>HTTP</gco:CharacterString>
              </gmd:protocol>
              <gmd:applicationProfile>
                <gco:CharacterString>Standard Internet browser</gco:CharacterString>
              </gmd:applicationProfile>
              <gmd:name>
                <gco:CharacterString>NOAA National Centers for Environmental Information website</gco:CharacterString>
              </gmd:name>
              <gmd:description>
                <gco:CharacterString>Main NCEI website providing links to access data and data services.</gco:CharacterString>
              </gmd:description>
              <gmd:function>
                <gmd:CI_OnLineFunctionCode codeList="http://www.ngdc.noaa.gov/metadata/published/xsd/schema/resources/Codelist/gmxCodelists.xml#CI_OnLineFunctionCode" codeListValue="information">information</gmd:CI_OnLineFunctionCode>
              </gmd:function>
            </gmd:CI_OnlineResource>
          </gmd:onlineResource>
        </gmd:CI_Contact>
      </gmd:contactInfo>
      <gmd:role>
        <gmd:CI_RoleCode codeListValue="custodian">custodian</gmd:CI_RoleCode>
      </gmd:role>
    </gmd:CI_ResponsibleParty>
  </gmd:contact>
  <gmd:dateStamp>
    <gco:DateTime>2016-12-25T11:12:13</gco:DateTime>
  </gmd:dateStamp>
  <gmd:metadataStandardName>
    <gco:CharacterString>ISO 19115-2 Geographic Information - Metadata - Part 2: Extensions for Imagery and Gridded Data</gco:CharacterString>
  </gmd:metadataStandardName>
  <gmd:metadataStandardVersion>
    <gco:CharacterString>ISO 19115-2:2009(E)</gco:CharacterString>
  </gmd:metadataStandardVersion>
  <gmd:identificationInfo>
    <gmd:MD_DataIdentification>
      <gmd:citation>
        <gmd:CI_Citation>
          <gmd:title>
            <gco:CharacterString>Important Organization's Important File's Super Important Title</gco:CharacterString>
          </gmd:title>
          <gmd:alternateTitle>
            <gco:CharacterString>Still (But Slightly Less) Important Alternate Title</gco:CharacterString>
          </gmd:alternateTitle>
          <gmd:date>
            <gmd:CI_Date>
              <gmd:date>
                <gco:Date>2010-11-15</gco:Date>
              </gmd:date>
              <gmd:dateType>
                <gmd:CI_DateTypeCode codeListValue="publication">publication</gmd:CI_DateTypeCode>
              </gmd:dateType>
            </gmd:CI_Date>
          </gmd:date>
          <gmd:date>
            <gmd:CI_Date>
              <gmd:date>
                <gco:Date>2011-01-02</gco:Date>
              </gmd:date>
              <gmd:dateType>
                <gmd:CI_DateTypeCode codeListValue="revision">revision</gmd:CI_DateTypeCode>
              </gmd:dateType>
            </gmd:CI_Date>
          </gmd:date>
          <gmd:identifier>
            <gmd:MD_Identifier>
              <gmd:authority>
                <gmd:CI_Citation>
                  <gmd:title>
                    <gco:CharacterString>Super Important Organization Collection Identifier</gco:CharacterString>
                  </gmd:title>
                  <gmd:date gco:nilReason="inapplicable"/>
                </gmd:CI_Citation>
              </gmd:authority>
              <gmd:code>
                <gmx:Anchor xlink:actuate="onRequest" xlink:title="Collection ID">gov.super.important:FILE-ID</gmx:Anchor>
              </gmd:code>
            </gmd:MD_Identifier>
          </gmd:identifier>
          <gmd:identifier>
            <gmd:MD_Identifier>
              <gmd:authority>
                <gmd:CI_Citation>
                  <gmd:title>
                    <gco:CharacterString>Digital Object Identifier (DOI)</gco:CharacterString>
                  </gmd:title>
                  <gmd:date gco:nilReason="inapplicable"/>
                </gmd:CI_Citation>
              </gmd:authority>
              <gmd:code>
                <gmx:Anchor xlink:href="https://doi.org/10.5072/FK2TEST" xlink:actuate="onRequest" xlink:title="DOI">doi:10.5072/FK2TEST</gmx:Anchor>
              </gmd:code>
            </gmd:MD_Identifier>
          </gmd:identifier>
          <gmd:citedResponsibleParty>
            <gmd:CI_ResponsibleParty>
              <gmd:organisationName>
                <gco:CharacterString>Super Important Organization</gco:CharacterString>
              </gmd:organisationName>
              <gmd:contactInfo>
                <gmd:CI_Contact>
                  <gmd:phone>
                    <gmd:CI_Telephone>
                      <gmd:voice>
                        <gco:CharacterString>555-123-4567</gco:CharacterString>
                      </gmd:voice>
                    </gmd:CI_Telephone>
                  </gmd:phone>
                  <gmd:address>
                    <gmd:CI_Address>
                      <gmd:deliveryPoint>
                        <gco:CharacterString>123 Elm St</gco:CharacterString>
                      </gmd:deliveryPoint>
                      <gmd:city>
                        <gco:CharacterString>Pleasantville</gco:CharacterString>
                      </gmd:city>
                      <gmd:administrativeArea>
                        <gco:CharacterString>NY</gco:CharacterString>
                      </gmd:administrativeArea>
                      <gmd:postalCode>
                        <gco:CharacterString>12345</gco:CharacterString>
                      </gmd:postalCode>
                      <gmd:country>
                        <gco:CharacterString>USA</gco:CharacterString>
                      </gmd:country>
                      <gmd:electronicMailAddress>
                        <gco:CharacterString>email@sio.co</gco:CharacterString>
                      </gmd:electronicMailAddress>
                    </gmd:CI_Address>
                  </gmd:address>
                  <gmd:onlineResource>
                    <gmd:CI_OnlineResource>
                      <gmd:linkage>
                        <gmd:URL>https://www.superimportant.com/</gmd:URL>
                      </gmd:linkage>
                      <gmd:protocol>
                        <gco:CharacterString>HTTP</gco:CharacterString>
                      </gmd:protocol>
                      <gmd:applicationProfile>
                        <gco:CharacterString>Standard Internet browser</gco:CharacterString>
                      </gmd:applicationProfile>
                      <gmd:name>
                        <gco:CharacterString>Super Important Organization website</gco:CharacterString>
                      </gmd:name>
                      <gmd:description>
                        <gco:CharacterString>Main SIO website providing links to access data and data services.</gco:CharacterString>
                      </gmd:description>
                      <gmd:function>
                        <gmd:CI_OnLineFunctionCode codeListValue="information">information</gmd:CI_OnLineFunctionCode>
                      </gmd:function>
                    </gmd:CI_OnlineResource>
                  </gmd:onlineResource>
                </gmd:CI_Contact>
              </gmd:contactInfo>
              <gmd:role>
                <gmd:CI_RoleCode codeListValue="publisher">publisher</gmd:CI_RoleCode>
              </gmd:role>
            </gmd:CI_ResponsibleParty>
          </gmd:citedResponsibleParty>
          <gmd:citedResponsibleParty>
            <gmd:CI_ResponsibleParty>
              <gmd:individualName>
                <gco:CharacterString>John Smith</gco:CharacterString>
              </gmd:individualName>
              <gmd:organisationName>
                <gco:CharacterString>University of Awesome</gco:CharacterString>
              </gmd:organisationName>
              <gmd:role>
                <gmd:CI_RoleCode codeListValue="pointOfContact">pointOfContact</gmd:CI_RoleCode>
              </gmd:role>
            </gmd:CI_ResponsibleParty>
          </gmd:citedResponsibleParty>
        </gmd:CI_Citation>
      </gmd:citation>
      <gmd:abstract>
        <gco:CharacterString>Wall of overly detailed, super informative, extra important text.</gco:CharacterString>
      </gmd:abstract>
      <gmd:purpose>
        <gco:CharacterString>Provide quality super important data to the user community.</gco:CharacterString>
      </gmd:purpose>
      <gmd:status>
        <gmd:MD_ProgressCode codeListValue="completed">completed</gmd:MD_ProgressCode>
      </gmd:status>
      <gmd:resourceMaintenance>
        <gmd:MD_MaintenanceInformation>
          <gmd:maintenanceAndUpdateFrequency>
            <gmd:MD_MaintenanceFrequencyCode codeListValue="asNeeded">asNeeded</gmd:MD_MaintenanceFrequencyCode>
          </gmd:maintenanceAndUpdateFrequency>
        </gmd:MD_MaintenanceInformation>
      </gmd:resourceMaintenance>
      <gmd:graphicOverview>
        <gmd:MD_BrowseGraphic>
          <gmd:fileName>
            <gco:CharacterString>https://www.example.com/exportImage?soCool=yes&amp;format=png</gco:CharacterString>
          </gmd:fileName>
          <gmd:fileDescription>
            <gco:CharacterString>Preview graphic</gco:CharacterString>
          </gmd:fileDescription>
          <gmd:fileType>
            <gco:CharacterString>PNG</gco:CharacterString>
          </gmd:fileType>
        </gmd:MD_BrowseGraphic>
      </gmd:graphicOverview>
      <gmd:descriptiveKeywords>
        <gmd:MD_Keywords>
          <gmd:keyword>
            <gco:CharacterString>SIO &gt; Super Important Organization</gco:CharacterString>
          </gmd:keyword>
          <gmd:type>
            <gmd:MD_KeywordTypeCode codeListValue="dataCenter">dataCenter</gmd:MD_KeywordTypeCode>
          </gmd:type>
          <gmd:thesaurusName>
            <gmd:CI_Citation>
              <gmd:title>
                <gco:CharacterString>GCMD Keywords - Data Centers</gco:CharacterString>
              </gmd:title>
            </gmd:CI_Citation>
          </gmd:thesaurusName>
        </gmd:MD_Keywords>
      </gmd:descriptiveKeywords>
      <gmd:descriptiveKeywords>
        <gmd:MD_Keywords>
          <gmd:keyword>
            <gmx:Anchor xlink:actuate="onRequest">Air temperature</gmx:Anchor>
          </gmd:keyword>
          <gmd:keyword>
            <gmx:Anchor xlink:actuate="onRequest">Water temperature</gmx:Anchor>
          </gmd:keyword>
          <gmd:type>
            <gmd:MD_KeywordTypeCode codeListValue="theme">theme</gmd:MD_KeywordTypeCode>
          </gmd:type>
          <gmd:thesaurusName>
            <gmd:CI_Citation>
              <gmd:title>
                <gco:CharacterString>Miscellaneous keyword type</gco:CharacterString>
              </gmd:title>
              <gmd:date gco:nilReason="inapplicable"/>
            </gmd:CI_Citation>
          </gmd:thesaurusName>
        </gmd:MD_Keywords>
      </gmd:descriptiveKeywords>
      <gmd:descriptiveKeywords>
        <gmd:MD_Keywords>
          <gmd:keyword>
            <gco:CharacterString>Wind speed</gco:CharacterString>
          </gmd:keyword>
          <gmd:keyword>
            <gco:CharacterString>Wind direction</gco:CharacterString>
          </gmd:keyword>
          <gmd:keyword>
            <gco:CharacterString>Wind speed</gco:CharacterString>
          </gmd:keyword>
          <gmd:type>
            <gmd:MD_KeywordTypeCode codeListValue="theme">theme</gmd:MD_KeywordTypeCode>
          </gmd:type>
          <gmd:thesaurusName>
            <gmd:CI_Citation>
              <gmd:title>
                <gco:CharacterString>Miscellaneous keyword type</gco:CharacterString>
              </gmd:title>
              <gmd:date gco:nilReason="inapplicable"/>
            </gmd:CI_Citation>
          </gmd:thesaurusName>
        </gmd:MD_Keywords>
      </gmd:descriptiveKeywords>
      <gmd:descriptiveKeywords>
        <gmd:MD_Keywords>
          <gmd:keyword>
            <gco:CharacterString>EARTH SCIENCE &gt; ATMOSPHERE &gt; ATMOSPHERIC TEMPERATURE &gt; SURFACE TEMPERATURE &gt; DEW POINT TEMPERATURE</gco:CharacterString>
          </gmd:keyword>
          <gmd:keyword>
            <gco:CharacterString>EARTH SCIENCE &gt; OCEANS &gt; SALINITY/DENSITY &gt; SALINITY</gco:CharacterString>
          </gmd:keyword>
          <gmd:keyword>
            <gco:CharacterString>EARTH SCIENCE &gt; VOLCANOES &gt; THIS KEYWORD &gt; IS INVALID</gco:CharacterString>
          </gmd:keyword>
          <gmd:type>
            <gmd:MD_KeywordTypeCode  codeListValue="theme">theme</gmd:MD_KeywordTypeCode>
          </gmd:type>
          <gmd:thesaurusName>
            <gmd:CI_Citation>
              <gmd:title>
                <gco:CharacterString>GCMD Keywords - Science Keywords</gco:CharacterString>
              </gmd:title>
              <gmd:date>
                <gmd:CI_Date>
                  <gmd:date>
                    <gco:Date>2016</gco:Date>
                  </gmd:date>
                  <gmd:dateType>
                    <gmd:CI_DateTypeCode codeList="http://www.ngdc.noaa.gov/metadata/published/xsd/schema/resources/Codelist/gmxCodelists.xml#CI_DateTypeCode" codeListValue="publication">publication</gmd:CI_DateTypeCode>
                  </gmd:dateType>
                </gmd:CI_Date>
              </gmd:date>
              <gmd:edition>
                <gco:CharacterString>Version 8.4</gco:CharacterString>
              </gmd:edition>
              <gmd:citedResponsibleParty>
                <gmd:CI_ResponsibleParty>
                  <gmd:organisationName>
                    <gco:CharacterString>Global Change Data Center, Science and Exploration Directorate, Goddard Space Flight Center (GSFC) National Aeronautics and Space Administration (NASA)</gco:CharacterString>
                  </gmd:organisationName>
                  <gmd:role>
                    <gmd:CI_RoleCode codeListValue="custodian">custodian</gmd:CI_RoleCode>
                  </gmd:role>
                </gmd:CI_ResponsibleParty>
              </gmd:citedResponsibleParty>
            </gmd:CI_Citation>
          </gmd:thesaurusName>
        </gmd:MD_Keywords>
      </gmd:descriptiveKeywords>
      <gmd:descriptiveKeywords>
        <gmd:MD_Keywords>
          <gmd:keyword>
            <gco:CharacterString>GEOGRAPHIC REGION &gt; ARCTIC</gco:CharacterString>
          </gmd:keyword>
          <gmd:keyword>
            <gco:CharacterString>OCEAN &gt; ATLANTIC OCEAN &gt; NORTH ATLANTIC OCEAN &gt; GULF OF MEXICO</gco:CharacterString>
          </gmd:keyword>
          <gmd:keyword>
            <gco:CharacterString>LIQUID EARTH &gt; THIS KEYWORD &gt; IS INVALID</gco:CharacterString>
          </gmd:keyword>
          <gmd:type>
            <gmd:MD_KeywordTypeCode codeListValue="place">place</gmd:MD_KeywordTypeCode>
          </gmd:type>
          <gmd:thesaurusName>
            <gmd:CI_Citation>
              <gmd:title>
                <gco:CharacterString>GCMD Keywords - Locations</gco:CharacterString>
              </gmd:title>
              <gmd:date>
                <gmd:CI_Date>
                  <gmd:date>
                    <gco:Date>2016</gco:Date>
                  </gmd:date>
                  <gmd:dateType>
                    <gmd:CI_DateTypeCode codeListValue="publication">publication</gmd:CI_DateTypeCode>
                  </gmd:dateType>
                </gmd:CI_Date>
              </gmd:date>
              <gmd:edition>
                <gco:CharacterString>Version 8.4</gco:CharacterString>
              </gmd:edition>
              <gmd:citedResponsibleParty>
                <gmd:CI_ResponsibleParty>
                  <gmd:organisationName>
                    <gco:CharacterString>Global Change Data Center, Science and Exploration Directorate, Goddard Space Flight Center (GSFC) National Aeronautics and Space Administration (NASA)</gco:CharacterString>
                  </gmd:organisationName>
                  <gmd:contactInfo>
                    <gmd:CI_Contact>
                      <gmd:address>
                        <gmd:CI_Address>
                          <gmd:city>
                            <gco:CharacterString>Greenbelt</gco:CharacterString>
                          </gmd:city>
                          <gmd:administrativeArea>
                            <gco:CharacterString>MD</gco:CharacterString>
                          </gmd:administrativeArea>
                        </gmd:CI_Address>
                      </gmd:address>
                      <gmd:onlineResource>
                        <gmd:CI_OnlineResource>
                          <gmd:linkage>
                            <gmd:URL>http://gcmd.gsfc.nasa.gov/learn/keywords.html</gmd:URL>
                          </gmd:linkage>
                          <gmd:protocol>
                            <gco:CharacterString>HTTP</gco:CharacterString>
                          </gmd:protocol>
                          <gmd:applicationProfile>
                            <gco:CharacterString>Web Browser</gco:CharacterString>
                          </gmd:applicationProfile>
                          <gmd:name>
                            <gco:CharacterString>NASA GCMD Keyword Community Page</gco:CharacterString>
                          </gmd:name>
                          <gmd:description>
                            <gco:CharacterString>Overview of the NASA GCMD Keywords.</gco:CharacterString>
                          </gmd:description>
                          <gmd:function>
                            <gmd:CI_OnLineFunctionCode  codeListValue="information">information</gmd:CI_OnLineFunctionCode>
                          </gmd:function>
                        </gmd:CI_OnlineResource>
                      </gmd:onlineResource>
                    </gmd:CI_Contact>
                  </gmd:contactInfo>
                  <gmd:role>
                    <gmd:CI_RoleCode  codeListValue="custodian">custodian</gmd:CI_RoleCode>
                  </gmd:role>
                </gmd:CI_ResponsibleParty>
              </gmd:citedResponsibleParty>
            </gmd:CI_Citation>
          </gmd:thesaurusName>
        </gmd:MD_Keywords>
      </gmd:descriptiveKeywords>
      <gmd:language>
        <gmd:LanguageCode codeList="http://www.loc.gov/standards/iso639-2/php/code_list.php" codeListValue="eng">eng</gmd:LanguageCode>
      </gmd:language>
      <gmd:characterSet>
        <gmd:MD_CharacterSetCode codeList="http://www.ngdc.noaa.gov/metadata/published/xsd/schema/resources/Codelist/gmxCodelists.xml#MD_CharacterSetCode" codeListValue="utf8">utf8</gmd:MD_CharacterSetCode>
      </gmd:characterSet>
      <gmd:topicCategory>
        <gmd:MD_TopicCategoryCode>environment</gmd:MD_TopicCategoryCode>
      </gmd:topicCategory>
      <gmd:topicCategory>
        <gmd:MD_TopicCategoryCode>oceans</gmd:MD_TopicCategoryCode>
      </gmd:topicCategory>
      <gmd:extent>
        <gmd:EX_Extent id="boundingExtent">
          <gmd:geographicElement>
            <gmd:EX_GeographicBoundingBox id="boundingGeographicBoundingBox">
              <gmd:westBoundLongitude>
                <gco:Decimal>-177</gco:Decimal>
              </gmd:westBoundLongitude>
              <gmd:eastBoundLongitude>
                <gco:Decimal>-66</gco:Decimal>
              </gmd:eastBoundLongitude>
              <gmd:southBoundLatitude>
                <gco:Decimal>0</gco:Decimal>
              </gmd:southBoundLatitude>
              <gmd:northBoundLatitude>
                <gco:Decimal>61</gco:Decimal>
              </gmd:northBoundLatitude>
            </gmd:EX_GeographicBoundingBox>
          </gmd:geographicElement>
          <gmd:temporalElement>
            <gmd:EX_TemporalExtent id="boundingTemporalExtent">
              <gmd:extent>
                <gml:TimePeriod gml:id="boundingTemporalExtentPeriod">
                  <gml:beginPosition>1970-02-26</gml:beginPosition>
                  <gml:endPosition indeterminatePosition="now"/>
                </gml:TimePeriod>
              </gmd:extent>
            </gmd:EX_TemporalExtent>
          </gmd:temporalElement>
        </gmd:EX_Extent>
      </gmd:extent>
      <gmd:supplementalInformation gco:nilReason="missing"/>
    </gmd:MD_DataIdentification>
  </gmd:identificationInfo>
  <gmi:acquisitionInformation>
    <gmi:MI_AcquisitionInformation>
      <gmi:instrument>
        <gmi:MI_Instrument>
          <gmi:identifier>
            <gmd:MD_Identifier>
              <gmd:code>
                <gco:CharacterString>SII &gt; Super Important Instrument</gco:CharacterString>
              </gmd:code>
            </gmd:MD_Identifier>
          </gmi:identifier>
          <gmi:type>
            <gco:CharacterString>sensor</gco:CharacterString>
          </gmi:type>
          <gmi:description>
            <gco:CharacterString>The Super Important Organization's (SIO) Super Important Instrument (SII) is a really impressive sensor designed to provide really important information from the TumbleSat system.</gco:CharacterString>
          </gmi:description>
        </gmi:MI_Instrument>
      </gmi:instrument>
      <gmi:platform>
        <gmi:MI_Platform>
          <gmi:identifier>
            <gmd:MD_Identifier>
              <gmd:code>
                <gco:CharacterString>TS-18 &gt; TumbleSat-18</gco:CharacterString>
              </gmd:code>
            </gmd:MD_Identifier>
          </gmi:identifier>
          <gmi:description>
            <gco:CharacterString>The TumbleSat satellite system offers the advantage of daily surprise coverage, with morning and afternoon orbits that collect and deliver data in every direction. The information received includes brief glimpses of earth, other satellites, and the universe beyond, as the system spirals out of control.</gco:CharacterString>
          </gmi:description>
          <gmi:sponsor>
            <gmd:CI_ResponsibleParty>
              <gmd:organisationName>
                <gco:CharacterString>Super Important Organization</gco:CharacterString>
              </gmd:organisationName>
              <gmd:role>
                <gmd:CI_RoleCode codeListValue="sponsor">sponsor</gmd:CI_RoleCode>
              </gmd:role>
            </gmd:CI_ResponsibleParty>
          </gmi:sponsor>
          <gmi:sponsor>
            <gmd:CI_ResponsibleParty>
              <gmd:organisationName>
                <gco:CharacterString>Other (Kind Of) Important Organization</gco:CharacterString>
              </gmd:organisationName>
              <gmd:role>
                <gmd:CI_RoleCode codeListValue="sponsor">sponsor</gmd:CI_RoleCode>
              </gmd:role>
            </gmd:CI_ResponsibleParty>
          </gmi:sponsor>
          <gmi:instrument xlink:href="TS-18"/>
        </gmi:MI_Platform>
      </gmi:platform>
      <gmi:operation>
        <gmi:MI_Operation>
          <gmi:identifier>
            <gmd:MD_Identifier>
              <gmd:code>
                <gco:CharacterString>Super Important Project</gco:CharacterString>
              </gmd:code>
            </gmd:MD_Identifier>
          </gmi:identifier>
          <gmi:status gco:nilReason="missing" />
          <gmi:parentOperation gco:nilReason="inapplicable" />
        </gmi:MI_Operation>
      </gmi:operation>
    </gmi:MI_AcquisitionInformation>
  </gmi:acquisitionInformation>
  <gmd:distributionInfo>
    <gmd:MD_Distribution>
      <gmd:distributor>
        <gmd:MD_Distributor>
          <gmd:distributorFormat>
            <gmd:MD_Format>
              <gmd:name>
                <gco:CharacterString>NetCDF</gco:CharacterString>
              </gmd:name>
            </gmd:MD_Format>
          </gmd:distributorFormat>
          <gmd:distributorFormat>
            <gmd:MD_Format>
              <gmd:name>
                <gco:CharacterString>csv</gco:CharacterString>
              </gmd:name>
            </gmd:MD_Format>
          </gmd:distributorFormat>
          <gmd:distributorTransferOptions>
            <gmd:MD_DigitalTransferOptions>
              <gmd:onLine>
                <gmd:CI_OnlineResource>
                  <gmd:linkage>
                    <gmd:URL>http://www.example.com</gmd:URL>
                  </gmd:linkage>
                  <gmd:protocol>
                    <gco:CharacterString>HTTP</gco:CharacterString>
                  </gmd:protocol>
                  <gmd:applicationProfile>
                    <gco:CharacterString>Standard Internet browser</gco:CharacterString>
                  </gmd:applicationProfile>
                  <gmd:name>
                    <gco:CharacterString>Super Important Access Link</gco:CharacterString>
                  </gmd:name>
                  <gmd:description>
                    <gco:CharacterString>Everything Important, All In One Place</gco:CharacterString>
                  </gmd:description>
                  <gmd:function>
                    <gmd:CI_OnLineFunctionCode codeListValue="search">search</gmd:CI_OnLineFunctionCode>
                  </gmd:function>
                </gmd:CI_OnlineResource>
              </gmd:onLine>
            </gmd:MD_DigitalTransferOptions>
          </gmd:distributorTransferOptions>
        </gmd:MD_Distributor>
      </gmd:distributor>
      <gmd:distributionFormat>
        <gmd:MD_Format>
          <gmd:name>
            <gco:CharacterString>ascii</gco:CharacterString>
          </gmd:name>
        </gmd:MD_Format>
      </gmd:distributionFormat>
      <gmd:distributionFormat>
        <gmd:MD_Format>
          <gmd:name>
            <gco:CharacterString>NETCDF</gco:CharacterString>
          </gmd:name>
        </gmd:MD_Format>
      </gmd:distributionFormat>
    </gmd:MD_Distribution>
  </gmd:distributionInfo>
  <!--The info below is NOT DSMM and should not be ingested-->
  <gmd:dataQualityInfo>
    <gmd:DQ_DataQuality>
      <gmd:scope>
        <gmd:DQ_Scope>
          <gmd:level>
            <gmd:MD_ScopeCode codeList="http://www.ngdc.noaa.gov/metadata/published/xsd/schema/resources/Codelist/gmxCodelists.xml#MD_ScopeCode" codeListValue="dataset">dataset</gmd:MD_ScopeCode>
          </gmd:level>
        </gmd:DQ_Scope>
      </gmd:scope>
      <gmd:report>
        <gmd:DQ_CompletenessCommission>
          <gmd:evaluationMethodDescription>
            <gco:CharacterString>NGDC made every effort to obtain all available digital topographic and bathymetric datasets in the region for use in building the DEM.</gco:CharacterString>
          </gmd:evaluationMethodDescription>
          <gmd:result gco:nilReason="unknown" />
        </gmd:DQ_CompletenessCommission>
      </gmd:report>
      <gmd:report>
        <gmd:DQ_ConceptualConsistency>
          <gmd:measureDescription>
            <gco:CharacterString>Datasets were visually compared internally and externally (with other overlapping datasets and satellite images and maps) in ESRI ArcGIS for identification of anomalous elevations or data inconsistencies. Where elevation inconsistencies occurred, the most recent and/or highest resolution data set was selected for use in that region. Elevations in the older and/or lower-resolution datasets were deleted prior to building the DEM.</gco:CharacterString>
          </gmd:measureDescription>
          <gmd:result gco:nilReason="unknown" />
        </gmd:DQ_ConceptualConsistency>
      </gmd:report>
    </gmd:DQ_DataQuality>
  </gmd:dataQualityInfo>
  <gmd:dataQualityInfo xsi:schemaLocation="http://www.isotc211.org/2005/gmi http://www.ngdc.noaa.gov/metadata/published/xsd/schema.xsd">
    <gmd:DQ_DataQuality>
      <gmd:scope>
        <gmd:DQ_Scope>
          <gmd:level>
            <gmd:MD_ScopeCode codeList="http://www.ngdc.noaa.gov/metadata/published/xsd/schema/resources/Codelist/gmxCodelists.xml#MD_ScopeCode" codeListValue="series">series</gmd:MD_ScopeCode>
          </gmd:level>
          <gmd:levelDescription>
            <gmd:MD_ScopeDescription>
              <gmd:other>
                <gco:CharacterString>Data Stewardship</gco:CharacterString>
              </gmd:other>
            </gmd:MD_ScopeDescription>
          </gmd:levelDescription>
        </gmd:DQ_Scope>
      </gmd:scope>
      <gmd:report>
        <gmd:DQ_ConceptualConsistency>
          <gmd:nameOfMeasure>
            <gco:CharacterString>Data Stewardship Maturity Assessment</gco:CharacterString>
          </gmd:nameOfMeasure>
          <gmd:measureIdentification>
            <gmd:MD_Identifier>
              <gmd:code>
                <gco:CharacterString>MM-Stew</gco:CharacterString>
              </gmd:code>
            </gmd:MD_Identifier>
          </gmd:measureIdentification>
          <gmd:measureDescription>
            <gco:CharacterString>The Data Stewardship Maturity Matrix (DSMM) is a unified framework that defines criteria for each of nine components based on measurable practices, which can be used to apply a progressive, 6-level rating to an individual dataset, representing stewardship maturity stages rated as Not Assessed or Not Available (Level 0), adHoc (Level 1), minimum (Level 2), intermediate (Level 3), advanced (Level 4), and optimal (Level 5).</gco:CharacterString>
          </gmd:measureDescription>
          <gmd:evaluationMethodDescription>
            <gco:CharacterString>Data Stewardship Maturity Assessment was evaluated by the metadata content editor for the NOAA OneStop project using the Scientific Data Stewardship Maturity Assessment Model Template v4.0.</gco:CharacterString>
          </gmd:evaluationMethodDescription>
          <gmd:evaluationProcedure>
            <gmd:CI_Citation>
              <gmd:title>
                <gco:CharacterString>The Scientific Data Stewardship Maturity Assessment Model Template</gco:CharacterString>
              </gmd:title>
              <gmd:date>
                <gmd:CI_Date>
                  <gmd:date>
                    <gco:Date>2015-06-23</gco:Date>
                  </gmd:date>
                  <gmd:dateType>
                    <gmd:CI_DateTypeCode codeList="http://www.ngdc.noaa.gov/metadata/published/xsd/schema/resources/Codelist/gmxCodelists.xml#CI_DateTypeCode" codeListValue="publication">publication</gmd:CI_DateTypeCode>
                  </gmd:dateType>
                </gmd:CI_Date>
              </gmd:date>
              <gmd:edition>
                <gco:CharacterString>NCDC-CICS-SMM_0001_Rev.1 v4.0 06/23/2015</gco:CharacterString>
              </gmd:edition>
              <gmd:identifier>
                <gmd:MD_Identifier>
                  <gmd:code>
                    <gmx:Anchor xlink:href="https://doi.org/10.6084/m9.figshare.1211954" xlink:title="DOI link" xlink:actuate="onRequest">doi:10.10.6084/m9.figshare.1211954</gmx:Anchor>
                  </gmd:code>
                </gmd:MD_Identifier>
              </gmd:identifier>
              <gmd:presentationForm>
                <gmd:CI_PresentationFormCode codeList="http://www.ngdc.noaa.gov/metadata/published/xsd/schema/resources/Codelist/gmxCodelists.xml#CI_PresentationFormCode" codeListValue="documentDigital">documentDigital</gmd:CI_PresentationFormCode>
              </gmd:presentationForm>
            </gmd:CI_Citation>
          </gmd:evaluationProcedure>
          <gmd:dateTime>
            <gco:DateTime>2016-06-22T00:00:00</gco:DateTime>
          </gmd:dateTime>
          <gmd:result>
            <gmd:DQ_QuantitativeResult>
              <gmd:valueUnit gco:nilReason="inapplicable" />
              <gmd:value>
                <gco:Record>
                  <gco:CodeListValue codeList="http://www.ngdc.noaa.gov/metadata/published/xsd/schema/resources/Codelist/MM_StewCodelists.xml#Preservability" codeListValue="optimal">optimal</gco:CodeListValue>
                </gco:Record>
              </gmd:value>
              <gmd:value>
                <gco:Record>
                  <gco:CodeListValue codeList="http://www.ngdc.noaa.gov/metadata/published/xsd/schema/resources/Codelist/MM_StewCodelists.xml#Accessibility" codeListValue="advanced">advanced</gco:CodeListValue>
                </gco:Record>
              </gmd:value>
              <gmd:value>
                <gco:Record>
                  <gco:CodeListValue codeList="http://www.ngdc.noaa.gov/metadata/published/xsd/schema/resources/Codelist/MM_StewCodelists.xml#Usability" codeListValue="intermediate">intermediate</gco:CodeListValue>
                </gco:Record>
              </gmd:value>
              <gmd:value>
                <gco:Record>
                  <gco:CodeListValue codeList="http://www.ngdc.noaa.gov/metadata/published/xsd/schema/resources/Codelist/MM_StewCodelists.xml#ProductionSustainability" codeListValue="advanced">advanced</gco:CodeListValue>
                </gco:Record>
              </gmd:value>
              <gmd:value>
                <gco:Record>
                  <gco:CodeListValue codeList="http://www.ngdc.noaa.gov/metadata/published/xsd/schema/resources/Codelist/MM_StewCodelists.xml#DataQualityAssurance" codeListValue="intermediate">intermediate</gco:CodeListValue>
                </gco:Record>
              </gmd:value>
              <gmd:value>
                <gco:Record>
                  <gco:CodeListValue codeList="http://www.ngdc.noaa.gov/metadata/published/xsd/schema/resources/Codelist/MM_StewCodelists.xml#DataQualityControlMonitoring" codeListValue="adHoc">adHoc</gco:CodeListValue>
                </gco:Record>
              </gmd:value>
              <gmd:value>
                <gco:Record>
                  <gco:CodeListValue codeList="http://www.ngdc.noaa.gov/metadata/published/xsd/schema/resources/Codelist/MM_StewCodelists.xml#DataQualityAssessment" codeListValue="minimal">minimal</gco:CodeListValue>
                </gco:Record>
              </gmd:value>
              <gmd:value>
                <gco:Record>
                  <gco:CodeListValue codeList="http://www.ngdc.noaa.gov/metadata/published/xsd/schema/resources/Codelist/MM_StewCodelists.xml#TransparencyTraceability" codeListValue="minimal">minimal</gco:CodeListValue>
                </gco:Record>
              </gmd:value>
              <gmd:value>
                <gco:Record>
                  <gco:CodeListValue codeList="http://www.ngdc.noaa.gov/metadata/published/xsd/schema/resources/Codelist/MM_StewCodelists.xml#DataIntegrity" codeListValue="notAvailable">notAvailable</gco:CodeListValue>
                </gco:Record>
              </gmd:value>
            </gmd:DQ_QuantitativeResult>
          </gmd:result>
          <gmd:result>
            <gmd:DQ_ConformanceResult>
              <gmd:specification>
                <gmd:CI_Citation>
                  <gmd:title>
                    <gco:CharacterString>Lahaina_HI_1_3s_MHW_DEM</gco:CharacterString>
                  </gmd:title>
                  <gmd:date>
                    <gmd:CI_Date>
                      <gmd:date>
                        <gco:Date>2016-06-22</gco:Date>
                      </gmd:date>
                      <gmd:dateType>
                        <gmd:CI_DateTypeCode codeList="http://www.ngdc.noaa.gov/metadata/published/xsd/schema/resources/Codelist/gmxCodelists.xml#CI_DateTypeCode" codeListValue="publication">publication</gmd:CI_DateTypeCode>
                      </gmd:dateType>
                    </gmd:CI_Date>
                  </gmd:date>
                  <gmd:edition>
                    <gco:CharacterString>v01r00</gco:CharacterString>
                  </gmd:edition>
                </gmd:CI_Citation>
              </gmd:specification>
              <!-- Use same statement from gmd:evaluationMethodDescription for gmd:explanation -->
              <gmd:explanation>
                <gco:CharacterString>Data Stewardship Maturity Assessment was evaluated by the metadata content editor for the NOAA OneStop project using the Scientific Data Stewardship Maturity Assessment Model Template v4.0.</gco:CharacterString>
              </gmd:explanation>
              <gmd:pass gco:nilReason="inapplicable" />
            </gmd:DQ_ConformanceResult>
          </gmd:result>
        </gmd:DQ_ConceptualConsistency>
      </gmd:report>
    </gmd:DQ_DataQuality>
  </gmd:dataQualityInfo>

</gmi:MI_Metadata>
