<?xml version="1.0" encoding="UTF-8"?>

<gmi:MI_Metadata xmlns:gco="http://www.isotc211.org/2005/gco" xmlns:gmd="http://www.isotc211.org/2005/gmd"
                 xmlns:gmi="http://www.isotc211.org/2005/gmi"
                 xmlns:xsi="http://www.w3.org/2001/XMLSchema-instance"
                 xsi:schemaLocation="http://www.isotc211.org/2005/gmi">
    <gmd:fileIdentifier>
        <gco:CharacterString>dummy-file-identifier</gco:CharacterString>
    </gmd:fileIdentifier>
</gmi:MI_Metadata>

